This is pdfTeX, Version 3.1415926-2.4-1.40.13 (TeX Live 2012) (format=pdflatex 2012.6.30)  2 NOV 2013 22:05
entering extended mode
 restricted \write18 enabled.
 %&-line parsing enabled.
**eswt
(./eswt.tex
LaTeX2e <2011/06/27>
Babel <v3.8m> and hyphenation patterns for english, dumylang, nohyphenation, ge
rman-x-2012-05-30, ngerman-x-2012-05-30, afrikaans, ancientgreek, ibycus, arabi
c, armenian, basque, bulgarian, catalan, pinyin, coptic, croatian, czech, danis
h, dutch, ukenglish, usenglishmax, esperanto, estonian, ethiopic, farsi, finnis
h, french, friulan, galician, german, ngerman, swissgerman, monogreek, greek, h
ungarian, icelandic, assamese, bengali, gujarati, hindi, kannada, malayalam, ma
rathi, oriya, panjabi, tamil, telugu, indonesian, interlingua, irish, italian, 
kurmanji, latin, latvian, lithuanian, mongolian, mongolianlmc, bokmal, nynorsk,
 polish, portuguese, romanian, romansh, russian, sanskrit, serbian, serbianc, s
lovak, slovenian, spanish, swedish, turkish, turkmen, ukrainian, uppersorbian, 
welsh, loaded.
(/usr/local/texlive/2012/texmf-dist/tex/latex/base/article.cls
Document Class: article 2007/10/19 v1.4h Standard LaTeX document class
(/usr/local/texlive/2012/texmf-dist/tex/latex/base/size10.clo
File: size10.clo 2007/10/19 v1.4h Standard LaTeX file (size option)
)
\c@part=\count79
\c@section=\count80
\c@subsection=\count81
\c@subsubsection=\count82
\c@paragraph=\count83
\c@subparagraph=\count84
\c@figure=\count85
\c@table=\count86
\abovecaptionskip=\skip41
\belowcaptionskip=\skip42
\bibindent=\dimen102
)
(/usr/local/texlive/2012/texmf-dist/tex/latex/amsmath/amsmath.sty
Package: amsmath 2000/07/18 v2.13 AMS math features
\@mathmargin=\skip43

For additional information on amsmath, use the `?' option.
(/usr/local/texlive/2012/texmf-dist/tex/latex/amsmath/amstext.sty
Package: amstext 2000/06/29 v2.01

(/usr/local/texlive/2012/texmf-dist/tex/latex/amsmath/amsgen.sty
File: amsgen.sty 1999/11/30 v2.0
\@emptytoks=\toks14
\ex@=\dimen103
))
(/usr/local/texlive/2012/texmf-dist/tex/latex/amsmath/amsbsy.sty
Package: amsbsy 1999/11/29 v1.2d
\pmbraise@=\dimen104
)
(/usr/local/texlive/2012/texmf-dist/tex/latex/amsmath/amsopn.sty
Package: amsopn 1999/12/14 v2.01 operator names
)
\inf@bad=\count87
LaTeX Info: Redefining \frac on input line 211.
\uproot@=\count88
\leftroot@=\count89
LaTeX Info: Redefining \overline on input line 307.
\classnum@=\count90
\DOTSCASE@=\count91
LaTeX Info: Redefining \ldots on input line 379.
LaTeX Info: Redefining \dots on input line 382.
LaTeX Info: Redefining \cdots on input line 467.
\Mathstrutbox@=\box26
\strutbox@=\box27
\big@size=\dimen105
LaTeX Font Info:    Redeclaring font encoding OML on input line 567.
LaTeX Font Info:    Redeclaring font encoding OMS on input line 568.
\macc@depth=\count92
\c@MaxMatrixCols=\count93
\dotsspace@=\muskip10
\c@parentequation=\count94
\dspbrk@lvl=\count95
\tag@help=\toks15
\row@=\count96
\column@=\count97
\maxfields@=\count98
\andhelp@=\toks16
\eqnshift@=\dimen106
\alignsep@=\dimen107
\tagshift@=\dimen108
\tagwidth@=\dimen109
\totwidth@=\dimen110
\lineht@=\dimen111
\@envbody=\toks17
\multlinegap=\skip44
\multlinetaggap=\skip45
\mathdisplay@stack=\toks18
LaTeX Info: Redefining \[ on input line 2666.
LaTeX Info: Redefining \] on input line 2667.
)
(/usr/local/texlive/2012/texmf-dist/tex/latex/amsfonts/amssymb.sty
Package: amssymb 2009/06/22 v3.00

(/usr/local/texlive/2012/texmf-dist/tex/latex/amsfonts/amsfonts.sty
Package: amsfonts 2009/06/22 v3.00 Basic AMSFonts support
\symAMSa=\mathgroup4
\symAMSb=\mathgroup5
LaTeX Font Info:    Overwriting math alphabet `\mathfrak' in version `bold'
(Font)                  U/euf/m/n --> U/euf/b/n on input line 96.
))
(/usr/local/texlive/2012/texmf-dist/tex/latex/graphics/graphicx.sty
Package: graphicx 1999/02/16 v1.0f Enhanced LaTeX Graphics (DPC,SPQR)

(/usr/local/texlive/2012/texmf-dist/tex/latex/graphics/keyval.sty
Package: keyval 1999/03/16 v1.13 key=value parser (DPC)
\KV@toks@=\toks19
)
(/usr/local/texlive/2012/texmf-dist/tex/latex/graphics/graphics.sty
Package: graphics 2009/02/05 v1.0o Standard LaTeX Graphics (DPC,SPQR)

(/usr/local/texlive/2012/texmf-dist/tex/latex/graphics/trig.sty
Package: trig 1999/03/16 v1.09 sin cos tan (DPC)
)
(/usr/local/texlive/2012/texmf-dist/tex/latex/latexconfig/graphics.cfg
File: graphics.cfg 2010/04/23 v1.9 graphics configuration of TeX Live
)
Package graphics Info: Driver file: pdftex.def on input line 91.

(/usr/local/texlive/2012/texmf-dist/tex/latex/pdftex-def/pdftex.def
File: pdftex.def 2011/05/27 v0.06d Graphics/color for pdfTeX

(/usr/local/texlive/2012/texmf-dist/tex/generic/oberdiek/infwarerr.sty
Package: infwarerr 2010/04/08 v1.3 Providing info/warning/error messages (HO)
)
(/usr/local/texlive/2012/texmf-dist/tex/generic/oberdiek/ltxcmds.sty
Package: ltxcmds 2011/11/09 v1.22 LaTeX kernel commands for general use (HO)
)
\Gread@gobject=\count99
))
\Gin@req@height=\dimen112
\Gin@req@width=\dimen113
)
(/usr/local/texlive/2012/texmf-dist/tex/latex/graphics/color.sty
Package: color 2005/11/14 v1.0j Standard LaTeX Color (DPC)

(/usr/local/texlive/2012/texmf-dist/tex/latex/latexconfig/color.cfg
File: color.cfg 2007/01/18 v1.5 color configuration of teTeX/TeXLive
)
Package color Info: Driver file: pdftex.def on input line 130.
)
(/usr/local/texlive/2012/texmf-dist/tex/latex/psfrag/psfrag.sty
Package: psfrag 1998/04/11 v3.04 PSfrag (MCG)
\pfg@pcount=\count100
\pfg@scount=\count101
\pfg@temp=\write3
)
(/usr/local/texlive/2012/texmf-dist/tex/latex/listings/listings.sty
\lst@mode=\count102
\lst@gtempboxa=\box28
\lst@token=\toks20
\lst@length=\count103
\lst@currlwidth=\dimen114
\lst@column=\count104
\lst@pos=\count105
\lst@lostspace=\dimen115
\lst@width=\dimen116
\lst@newlines=\count106
\lst@lineno=\count107
\lst@maxwidth=\dimen117

(/usr/local/texlive/2012/texmf-dist/tex/latex/listings/lstmisc.sty
File: lstmisc.sty 2007/02/22 1.4 (Carsten Heinz)
\c@lstnumber=\count108
\lst@skipnumbers=\count109
\lst@framebox=\box29
)
(/usr/local/texlive/2012/texmf-dist/tex/latex/listings/listings.cfg
File: listings.cfg 2007/02/22 1.4 listings configuration
))
Package: listings 2007/02/22 1.4 (Carsten Heinz)

(/usr/local/texlive/2012/texmf-dist/tex/latex/hyperref/hyperref.sty
Package: hyperref 2012/05/13 v6.82q Hypertext links for LaTeX

(/usr/local/texlive/2012/texmf-dist/tex/generic/oberdiek/hobsub-hyperref.sty
Package: hobsub-hyperref 2012/05/28 v1.13 Bundle oberdiek, subset hyperref (HO)


(/usr/local/texlive/2012/texmf-dist/tex/generic/oberdiek/hobsub-generic.sty
Package: hobsub-generic 2012/05/28 v1.13 Bundle oberdiek, subset generic (HO)
Package: hobsub 2012/05/28 v1.13 Construct package bundles (HO)
Package hobsub Info: Skipping package `infwarerr' (already loaded).
Package hobsub Info: Skipping package `ltxcmds' (already loaded).
Package: ifluatex 2010/03/01 v1.3 Provides the ifluatex switch (HO)
Package ifluatex Info: LuaTeX not detected.
Package: ifvtex 2010/03/01 v1.5 Detect VTeX and its facilities (HO)
Package ifvtex Info: VTeX not detected.
Package: intcalc 2007/09/27 v1.1 Expandable calculations with integers (HO)
Package: ifpdf 2011/01/30 v2.3 Provides the ifpdf switch (HO)
Package ifpdf Info: pdfTeX in PDF mode is detected.
Package: etexcmds 2011/02/16 v1.5 Avoid name clashes with e-TeX commands (HO)
Package etexcmds Info: Could not find \expanded.
(etexcmds)             That can mean that you are not using pdfTeX 1.50 or
(etexcmds)             that some package has redefined \expanded.
(etexcmds)             In the latter case, load this package earlier.
Package: kvsetkeys 2012/04/25 v1.16 Key value parser (HO)
Package: kvdefinekeys 2011/04/07 v1.3 Define keys (HO)
Package: pdftexcmds 2011/11/29 v0.20 Utility functions of pdfTeX for LuaTeX (HO
)
Package pdftexcmds Info: LuaTeX not detected.
Package pdftexcmds Info: \pdf@primitive is available.
Package pdftexcmds Info: \pdf@ifprimitive is available.
Package pdftexcmds Info: \pdfdraftmode found.
Package: pdfescape 2011/11/25 v1.13 Implements pdfTeX's escape features (HO)
Package: bigintcalc 2012/04/08 v1.3 Expandable calculations on big integers (HO
)
Package: bitset 2011/01/30 v1.1 Handle bit-vector datatype (HO)
Package: uniquecounter 2011/01/30 v1.2 Provide unlimited unique counter (HO)
)
Package hobsub Info: Skipping package `hobsub' (already loaded).
Package: letltxmacro 2010/09/02 v1.4 Let assignment for LaTeX macros (HO)
Package: hopatch 2012/05/28 v1.2 Wrapper for package hooks (HO)
Package: xcolor-patch 2011/01/30 xcolor patch
Package: atveryend 2011/06/30 v1.8 Hooks at the very end of document (HO)
Package atveryend Info: \enddocument detected (standard20110627).
Package: atbegshi 2011/10/05 v1.16 At begin shipout hook (HO)
Package: refcount 2011/10/16 v3.4 Data extraction from label references (HO)
Package: hycolor 2011/01/30 v1.7 Color options for hyperref/bookmark (HO)
)
(/usr/local/texlive/2012/texmf-dist/tex/generic/ifxetex/ifxetex.sty
Package: ifxetex 2010/09/12 v0.6 Provides ifxetex conditional
)
(/usr/local/texlive/2012/texmf-dist/tex/latex/oberdiek/kvoptions.sty
Package: kvoptions 2011/06/30 v3.11 Key value format for package options (HO)
)
\@linkdim=\dimen118
\Hy@linkcounter=\count110
\Hy@pagecounter=\count111

(/usr/local/texlive/2012/texmf-dist/tex/latex/hyperref/pd1enc.def
File: pd1enc.def 2012/05/13 v6.82q Hyperref: PDFDocEncoding definition (HO)
)
\Hy@SavedSpaceFactor=\count112

(/usr/local/texlive/2012/texmf-dist/tex/latex/latexconfig/hyperref.cfg
File: hyperref.cfg 2002/06/06 v1.2 hyperref configuration of TeXLive
)
Package hyperref Info: Option `colorlinks' set `true' on input line 3941.
Package hyperref Info: Hyper figures OFF on input line 4062.
Package hyperref Info: Link nesting OFF on input line 4067.
Package hyperref Info: Hyper index ON on input line 4070.
Package hyperref Info: Plain pages OFF on input line 4077.
Package hyperref Info: Backreferencing OFF on input line 4082.
Package hyperref Info: Implicit mode ON; LaTeX internals redefined.
Package hyperref Info: Bookmarks ON on input line 4300.
\c@Hy@tempcnt=\count113

(/usr/local/texlive/2012/texmf-dist/tex/latex/url/url.sty
\Urlmuskip=\muskip11
Package: url 2006/04/12  ver 3.3  Verb mode for urls, etc.
)
LaTeX Info: Redefining \url on input line 4653.
\Fld@menulength=\count114
\Field@Width=\dimen119
\Fld@charsize=\dimen120
Package hyperref Info: Hyper figures OFF on input line 5773.
Package hyperref Info: Link nesting OFF on input line 5778.
Package hyperref Info: Hyper index ON on input line 5781.
Package hyperref Info: backreferencing OFF on input line 5788.
Package hyperref Info: Link coloring ON on input line 5791.
Package hyperref Info: Link coloring with OCG OFF on input line 5798.
Package hyperref Info: PDF/A mode OFF on input line 5803.
LaTeX Info: Redefining \ref on input line 5843.
LaTeX Info: Redefining \pageref on input line 5847.
\Hy@abspage=\count115
\c@Item=\count116
\c@Hfootnote=\count117
)

Package hyperref Message: Driver (autodetected): hpdftex.

(/usr/local/texlive/2012/texmf-dist/tex/latex/hyperref/hpdftex.def
File: hpdftex.def 2012/05/13 v6.82q Hyperref driver for pdfTeX
\Fld@listcount=\count118
\c@bookmark@seq@number=\count119

(/usr/local/texlive/2012/texmf-dist/tex/latex/oberdiek/rerunfilecheck.sty
Package: rerunfilecheck 2011/04/15 v1.7 Rerun checks for auxiliary files (HO)
Package uniquecounter Info: New unique counter `rerunfilecheck' on input line 2
82.
)
\Hy@SectionHShift=\skip46
)
(/usr/local/texlive/2012/texmf-dist/tex/latex/changebar/changebar.sty
Package: changebar 2005/09/18 v3.5c Indicate changes with marginal bars
\cb@nextpoint=\count120
\cb@topleft=\count121
\cb@topright=\count122
\cb@botleft=\count123
\cb@botright=\count124
\cb@cnta=\count125
\cb@cntb=\count126
\cb@dima=\dimen121
\cb@curbarwd=\dimen122
\cb@page=\count127
\cb@pagecount=\count128
\cb@odd@left=\dimen123
\cb@odd@right=\dimen124
\cb@even@left=\dimen125
\cb@even@right=\dimen126
\cb@writexy=\write4
\cb@readxy=\read1
\openout4 = `eswt.cb2'.

\changebarwidth=\skip47
\deletebarwidth=\skip48
\changebarsep=\skip49
\c@changebargrey=\count129
\cb@write=\write5
\cb@read=\read2
\openout5 = `eswt.cb'.

)
(./RJLmacros.tex
\c@theorem=\count130
\c@prop=\count131
\c@lemma=\count132
\c@definition=\count133
\c@algorithm=\count134
) (./eswt.aux)
\openout1 = `eswt.aux'.

LaTeX Font Info:    Checking defaults for OML/cmm/m/it on input line 32.
LaTeX Font Info:    ... okay on input line 32.
LaTeX Font Info:    Checking defaults for T1/cmr/m/n on input line 32.
LaTeX Font Info:    ... okay on input line 32.
LaTeX Font Info:    Checking defaults for OT1/cmr/m/n on input line 32.
LaTeX Font Info:    ... okay on input line 32.
LaTeX Font Info:    Checking defaults for OMS/cmsy/m/n on input line 32.
LaTeX Font Info:    ... okay on input line 32.
LaTeX Font Info:    Checking defaults for OMX/cmex/m/n on input line 32.
LaTeX Font Info:    ... okay on input line 32.
LaTeX Font Info:    Checking defaults for U/cmr/m/n on input line 32.
LaTeX Font Info:    ... okay on input line 32.
LaTeX Font Info:    Checking defaults for PD1/pdf/m/n on input line 32.
LaTeX Font Info:    ... okay on input line 32.

(/usr/local/texlive/2012/texmf-dist/tex/context/base/supp-pdf.mkii
[Loading MPS to PDF converter (version 2006.09.02).]
\scratchcounter=\count135
\scratchdimen=\dimen127
\scratchbox=\box30
\nofMPsegments=\count136
\nofMParguments=\count137
\everyMPshowfont=\toks21
\MPscratchCnt=\count138
\MPscratchDim=\dimen128
\MPnumerator=\count139
\makeMPintoPDFobject=\count140
\everyMPtoPDFconversion=\toks22
) (/usr/local/texlive/2012/texmf-dist/tex/latex/oberdiek/epstopdf-base.sty
Package: epstopdf-base 2010/02/09 v2.5 Base part for package epstopdf

(/usr/local/texlive/2012/texmf-dist/tex/latex/oberdiek/grfext.sty
Package: grfext 2010/08/19 v1.1 Manage graphics extensions (HO)
)
Package grfext Info: Graphics extension search list:
(grfext)             [.png,.pdf,.jpg,.mps,.jpeg,.jbig2,.jb2,.PNG,.PDF,.JPG,.JPE
G,.JBIG2,.JB2,.eps]
(grfext)             \AppendGraphicsExtensions on input line 452.

(/usr/local/texlive/2012/texmf-dist/tex/latex/latexconfig/epstopdf-sys.cfg
File: epstopdf-sys.cfg 2010/07/13 v1.3 Configuration of (r)epstopdf for TeX Liv
e
))
\c@lstlisting=\count141
\AtBeginShipoutBox=\box31
Package hyperref Info: Link coloring ON on input line 32.

(/usr/local/texlive/2012/texmf-dist/tex/latex/hyperref/nameref.sty
Package: nameref 2010/04/30 v2.40 Cross-referencing by name of section

(/usr/local/texlive/2012/texmf-dist/tex/generic/oberdiek/gettitlestring.sty
Package: gettitlestring 2010/12/03 v1.4 Cleanup title references (HO)
)
\c@section@level=\count142
)
LaTeX Info: Redefining \ref on input line 32.
LaTeX Info: Redefining \pageref on input line 32.
LaTeX Info: Redefining \nameref on input line 32.

(./eswt.out) (./eswt.out)
\@outlinefile=\write6
\openout6 = `eswt.out'.

LaTeX Font Info:    Try loading font information for U+msa on input line 35.

(/usr/local/texlive/2012/texmf-dist/tex/latex/amsfonts/umsa.fd
File: umsa.fd 2009/06/22 v3.00 AMS symbols A
)
LaTeX Font Info:    Try loading font information for U+msb on input line 35.

(/usr/local/texlive/2012/texmf-dist/tex/latex/amsfonts/umsb.fd
File: umsb.fd 2009/06/22 v3.00 AMS symbols B
) [1
Non-PDF special ignored!

{/usr/local/texlive/2012/texmf-var/fonts/map/pdftex/updmap/pdftex.map}]
Overfull \hbox (4.35306pt too wide) in paragraph at lines 128--133
[]\OT1/cmr/m/n/10 Computationally, we use this ge-om-e-try to cal-cu-late the i
ni-tial con-di-tion by solv-ing two-dimensional
 []

<lithotripter_schematic.png, id=127, 544.0325pt x 494.84875pt>
File: lithotripter_schematic.png Graphic file (type png)

<use lithotripter_schematic.png>
Package pdftex.def Info: lithotripter_schematic.png used on input line 136.
(pdftex.def)             Requested size: 190.41423pt x 173.19966pt.

<lithotripter_edge_wave.png, id=129, 544.0325pt x 494.84875pt>
File: lithotripter_edge_wave.png Graphic file (type png)

<use lithotripter_edge_wave.png>
Package pdftex.def Info: lithotripter_edge_wave.png used on input line 137.
(pdftex.def)             Requested size: 190.41423pt x 173.19966pt.
 [2 <./lithotripter_schematic.png> <./lithotripter_edge_wave.png>] [3]
Overfull \hbox (8.01965pt too wide) in paragraph at lines 265--280
[]\OT1/cmr/m/n/10 Other re-searchers have also de-vel-oped com-pu-ta-tional mod
-els for shock wave ther-apy and lithotripsy.
 []

[4]

Package amsmath Warning: Foreign command \over;
(amsmath)                \frac or \genfrac should be used instead
(amsmath)                 on input line 390.

[5] <pressure_comp_zoom.pdf, id=251, 1279.78125pt x 828.09375pt>
File: pressure_comp_zoom.pdf Graphic file (type pdf)

<use pressure_comp_zoom.pdf>
Package pdftex.def Info: pressure_comp_zoom.pdf used on input line 464.
(pdftex.def)             Requested size: 144.52571pt x 108.40147pt.

<lagrangian_eulerian.pdf, id=252, 1023.825pt x 828.09375pt>
File: lagrangian_eulerian.pdf Graphic file (type pdf)

<use lagrangian_eulerian.pdf>
Package pdftex.def Info: lagrangian_eulerian.pdf used on input line 465.
(pdftex.def)             Requested size: 144.53743pt x 108.40147pt.
 [6] [7 <./pressure_comp_zoom.pdf> <./lagrangian_eulerian.pdf>] <smaller_amp.pd
f, id=294, 577.15625pt x 373.395pt>
File: smaller_amp.pdf Graphic file (type pdf)

<use smaller_amp.pdf>
Package pdftex.def Info: smaller_amp.pdf used on input line 553.
(pdftex.def)             Requested size: 144.54pt x 93.50804pt.
 <medium_amp.pdf, id=295, 590.205pt x 364.36125pt>
File: medium_amp.pdf Graphic file (type pdf)

<use medium_amp.pdf>
Package pdftex.def Info: medium_amp.pdf used on input line 554.
(pdftex.def)             Requested size: 144.54pt x 89.22758pt.
 <higher_amp.pdf, id=296, 597.23125pt x 370.38374pt>
File: higher_amp.pdf Graphic file (type pdf)

<use higher_amp.pdf>
Package pdftex.def Info: higher_amp.pdf used on input line 555.
(pdftex.def)             Requested size: 144.54pt x 89.63992pt.
 [8 <./smaller_amp.pdf> <./medium_amp.pdf> <./higher_amp.pdf>] [9] [10] [11] [1
2] [13]
<amr_grid_ltblue.pdf, id=470, 357.75542pt x 248.93004pt>
File: amr_grid_ltblue.pdf Graphic file (type pdf)

<use amr_grid_ltblue.pdf>
Package pdftex.def Info: amr_grid_ltblue.pdf used on input line 1098.
(pdftex.def)             Requested size: 186.96188pt x 130.08621pt.

<amr_vs_singlegrid.pdf, id=471, 593.21625pt x 370.38374pt>
File: amr_vs_singlegrid.pdf Graphic file (type pdf)

<use amr_vs_singlegrid.pdf>
Package pdftex.def Info: amr_vs_singlegrid.pdf used on input line 1099.
(pdftex.def)             Requested size: 202.55981pt x 126.47249pt.
 [14]
<variable_deltax_pressure.pdf, id=485, 593.21625pt x 370.38374pt>
File: variable_deltax_pressure.pdf Graphic file (type pdf)

<use variable_deltax_pressure.pdf>
Package pdftex.def Info: variable_deltax_pressure.pdf used on input line 1125.
(pdftex.def)             Requested size: 289.37505pt x 180.67499pt.
 [15 <./amr_grid_ltblue.pdf> <./amr_vs_singlegrid.pdf>] <amr_stress10_rwb.pdf, 
id=551, 593.21625pt x 371.3875pt>
File: amr_stress10_rwb.pdf Graphic file (type pdf)

<use amr_stress10_rwb.pdf>
Package pdftex.def Info: amr_stress10_rwb.pdf used on input line 1165.
(pdftex.def)             Requested size: 195.12767pt x 122.16156pt.

<amr_stress70_rwb.pdf, id=552, 593.21625pt x 371.3875pt>
File: amr_stress70_rwb.pdf Graphic file (type pdf)

<use amr_stress70_rwb.pdf>
Package pdftex.def Info: amr_stress70_rwb.pdf used on input line 1166.
(pdftex.def)             Requested size: 195.12767pt x 122.16156pt.

<amr_stress180_rwb.pdf, id=553, 593.21625pt x 371.3875pt>
File: amr_stress180_rwb.pdf Graphic file (type pdf)

<use amr_stress180_rwb.pdf>
Package pdftex.def Info: amr_stress180_rwb.pdf used on input line 1167.
(pdftex.def)             Requested size: 195.12767pt x 122.16156pt.

<amr_25_pressure.pdf, id=554, 593.21625pt x 370.38374pt>
File: amr_25_pressure.pdf Graphic file (type pdf)

<use amr_25_pressure.pdf>
Package pdftex.def Info: amr_25_pressure.pdf used on input line 1168.
(pdftex.def)             Requested size: 195.12767pt x 121.83139pt.
 [16 <./variable_deltax_pressure.pdf>] [17 <./amr_stress10_rwb.pdf> <./amr_stre
ss70_rwb.pdf> <./amr_stress180_rwb.pdf> <./amr_25_pressure.pdf>]
<sphere_comp/compress_axisym_contour.png, id=652, 741.77126pt x 464.73625pt>
File: sphere_comp/compress_axisym_contour.png Graphic file (type png)

<use sphere_comp/compress_axisym_contour.png>
Package pdftex.def Info: sphere_comp/compress_axisym_contour.png used on input 
line 1194.
(pdftex.def)             Requested size: 180.67499pt x 113.19124pt.

<sphere_comp/compress_contour_3d_annotate.png, id=653, 1027.84pt x 767.86874pt>
File: sphere_comp/compress_contour_3d_annotate.png Graphic file (type png)
<use sphere_comp/compress_contour_3d_annotate.png>
Package pdftex.def Info: sphere_comp/compress_contour_3d_annotate.png used on i
nput line 1195.
(pdftex.def)             Requested size: 162.6075pt x 121.47893pt.

<sphere_comp/tension_axisym_contour.png, id=654, 741.77126pt x 464.73625pt>
File: sphere_comp/tension_axisym_contour.png Graphic file (type png)

<use sphere_comp/tension_axisym_contour.png>
Package pdftex.def Info: sphere_comp/tension_axisym_contour.png used on input l
ine 1198.
(pdftex.def)             Requested size: 180.67499pt x 113.19124pt.

<sphere_comp/tension_contour_3d_annotate.png, id=655, 1027.84pt x 767.86874pt>
File: sphere_comp/tension_contour_3d_annotate.png Graphic file (type png)

<use sphere_comp/tension_contour_3d_annotate.png>
Package pdftex.def Info: sphere_comp/tension_contour_3d_annotate.png used on in
put line 1199.
(pdftex.def)             Requested size: 162.6075pt x 121.47893pt.

<sphere_comp/max_shear_axisym_contour.png, id=656, 593.417pt x 371.789pt>
File: sphere_comp/max_shear_axisym_contour.png Graphic file (type png)

<use sphere_comp/max_shear_axisym_contour.png>
Package pdftex.def Info: sphere_comp/max_shear_axisym_contour.png used on input
 line 1202.
(pdftex.def)             Requested size: 180.67499pt x 113.19408pt.

<sphere_comp/shear_contour_3d_annotate.png, id=657, 1027.84pt x 767.86874pt>
File: sphere_comp/shear_contour_3d_annotate.png Graphic file (type png)

<use sphere_comp/shear_contour_3d_annotate.png>
Package pdftex.def Info: sphere_comp/shear_contour_3d_annotate.png used on inpu
t line 1203.
(pdftex.def)             Requested size: 162.6075pt x 121.47893pt.

<sphere_comp/max_shear_1D.png, id=658, 593.417pt x 371.789pt>
File: sphere_comp/max_shear_1D.png Graphic file (type png)

<use sphere_comp/max_shear_1D.png>
Package pdftex.def Info: sphere_comp/max_shear_1D.png used on input line 1215.
(pdftex.def)             Requested size: 361.34999pt x 226.39384pt.


LaTeX Warning: `!h' float specifier changed to `!ht'.

[18

 <./sphere_comp/compress_axisym_contour.png> <./sphere_comp/compress_contour_3d
_annotate.png> <./sphere_comp/tension_axisym_contour.png> <./sphere_comp/tensio
n_contour_3d_annotate.png> <./sphere_comp/max_shear_axisym_contour.png (PNG cop
y)> <./sphere_comp/shear_contour_3d_annotate.png>] [19 <./sphere_comp/max_shear
_1D.png (PNG copy)>]
<cylinder/cylinder_comp_90_blue_2D_new.png, id=697, 974.64125pt x 558.085pt>
File: cylinder/cylinder_comp_90_blue_2D_new.png Graphic file (type png)

<use cylinder/cylinder_comp_90_blue_2D_new.png>
Package pdftex.def Info: cylinder/cylinder_comp_90_blue_2D_new.png used on inpu
t line 1272.
(pdftex.def)             Requested size: 189.31812pt x 108.405pt.

<cylinder/cylinder_tens_90_blue_2D_new.png, id=698, 977.6525pt x 561.09625pt>
File: cylinder/cylinder_tens_90_blue_2D_new.png Graphic file (type png)

<use cylinder/cylinder_tens_90_blue_2D_new.png>
Package pdftex.def Info: cylinder/cylinder_tens_90_blue_2D_new.png used on inpu
t line 1273.
(pdftex.def)             Requested size: 188.87372pt x 108.405pt.

<cylinder/cylinder_shear_90_blue_2D_new.png, id=699, 982.67125pt x 562.1pt>
File: cylinder/cylinder_shear_90_blue_2D_new.png Graphic file (type png)

<use cylinder/cylinder_shear_90_blue_2D_new.png>
Package pdftex.def Info: cylinder/cylinder_shear_90_blue_2D_new.png used on inp
ut line 1274.
(pdftex.def)             Requested size: 189.51341pt x 108.405pt.

Underfull \hbox (badness 10000) in paragraph at lines 1272--1275
[][] []
 []


LaTeX Warning: `!h' float specifier changed to `!ht'.


<gapcylinder/gapcylinder_comp_90_blue_2D_new.png, id=700, 988.69376pt x 559.088
75pt>
File: gapcylinder/gapcylinder_comp_90_blue_2D_new.png Graphic file (type png)
 <use gapcylinder/gapcylinder_comp_90_blue_2D_new.png>
Package pdftex.def Info: gapcylinder/gapcylinder_comp_90_blue_2D_new.png used o
n input line 1280.
(pdftex.def)             Requested size: 191.70076pt x 108.405pt.

<gapcylinder/gapcylinder_comp_45_blue_2D_new.png, id=701, 1002.74625pt x 566.11
5pt>
File: gapcylinder/gapcylinder_comp_45_blue_2D_new.png Graphic file (type png)
 <use gapcylinder/gapcylinder_comp_45_blue_2D_new.png>
Package pdftex.def Info: gapcylinder/gapcylinder_comp_45_blue_2D_new.png used o
n input line 1281.
(pdftex.def)             Requested size: 192.00793pt x 108.405pt.

<gapcylinder/gapcylinder_comp_60_blue_2D_new.png, id=702, 990.70125pt x 583.178
76pt>
File: gapcylinder/gapcylinder_comp_60_blue_2D_new.png Graphic file (type png)
 <use gapcylinder/gapcylinder_comp_60_blue_2D_new.png>
Package pdftex.def Info: gapcylinder/gapcylinder_comp_60_blue_2D_new.png used o
n input line 1282.
(pdftex.def)             Requested size: 184.15364pt x 108.405pt.

Underfull \hbox (badness 10000) in paragraph at lines 1280--1283
[][] []
 []


LaTeX Warning: `!h' float specifier changed to `!ht'.

<bone_canal/bone_canal_2D_rgb_xy.pdf, id=703, 583.17876pt x 583.17876pt>
File: bone_canal/bone_canal_2D_rgb_xy.pdf Graphic file (type pdf)

<use bone_canal/bone_canal_2D_rgb_xy.pdf>
Package pdftex.def Info: bone_canal/bone_canal_2D_rgb_xy.pdf used on input line
 1289.
(pdftex.def)             Requested size: 180.66786pt x 180.67499pt.

<bone_canal/bone_canal_2D_rgb_xz_annotate.png, id=704, 1027.84pt x 1027.84pt>
File: bone_canal/bone_canal_2D_rgb_xz_annotate.png Graphic file (type png)

<use bone_canal/bone_canal_2D_rgb_xz_annotate.png>
Package pdftex.def Info: bone_canal/bone_canal_2D_rgb_xz_annotate.png used on i
nput line 1290.
(pdftex.def)             Requested size: 180.67455pt x 180.67499pt.


LaTeX Warning: `!h' float specifier changed to `!ht'.

[20] [21 <./cylinder/cylinder_comp_90_blue_2D_new.png> <./cylinder/cylinder_ten
s_90_blue_2D_new.png> <./cylinder/cylinder_shear_90_blue_2D_new.png> <./gapcyli
nder/gapcylinder_comp_90_blue_2D_new.png> <./gapcylinder/gapcylinder_comp_45_bl
ue_2D_new.png> <./gapcylinder/gapcylinder_comp_60_blue_2D_new.png>] [22 <./bone
_canal/bone_canal_2D_rgb_xy.pdf> <./bone_canal/bone_canal_2D_rgb_xz_annotate.pn
g>] <ossification/hip_ho_annotated.jpg, id=742, 967.615pt x 634.37pt>
File: ossification/hip_ho_annotated.jpg Graphic file (type jpg)

<use ossification/hip_ho_annotated.jpg>
Package pdftex.def Info: ossification/hip_ho_annotated.jpg used on input line 1
317.
(pdftex.def)             Requested size: 220.46497pt x 144.54pt.

<ossification/shear_hip_2D_1storder_annotate_F2.png, id=743, 1027.84pt x 1027.8
4pt>
File: ossification/shear_hip_2D_1storder_annotate_F2.png Graphic file (type png
)
 <use ossification/shear_hip_2D_1storder_annotate_F2.png>
Package pdftex.def Info: ossification/shear_hip_2D_1storder_annotate_F2.png use
d on input line 1318.
(pdftex.def)             Requested size: 144.53964pt x 144.54pt.

<ossification/idealoss_shear_rotate_2D_annotate.png, id=744, 1027.84pt x 1027.8
4pt>
File: ossification/idealoss_shear_rotate_2D_annotate.png Graphic file (type png
)
 <use ossification/idealoss_shear_rotate_2D_annotate.png>
Package pdftex.def Info: ossification/idealoss_shear_rotate_2D_annotate.png use
d on input line 1326.
(pdftex.def)             Requested size: 180.67455pt x 180.67499pt.

<ossification/idealoss_shear_2D_annotate.png, id=745, 1027.84pt x 1027.84pt>
File: ossification/idealoss_shear_2D_annotate.png Graphic file (type png)

<use ossification/idealoss_shear_2D_annotate.png>
Package pdftex.def Info: ossification/idealoss_shear_2D_annotate.png used on in
put line 1327.
(pdftex.def)             Requested size: 180.67455pt x 180.67499pt.
 [23 <./ossification/hip_ho_annotated.jpg> <./ossification/shear_hip_2D_1storde
r_annotate_F2.png> <./ossification/idealoss_shear_rotate_2D_annotate.png> <./os
sification/idealoss_shear_2D_annotate.png>] (./eswt.bbl [24] [25] [26] [27]) [2
8]
Package atveryend Info: Empty hook `BeforeClearDocument' on input line 1414.
Package atveryend Info: Empty hook `AfterLastShipout' on input line 1414.
 (./eswt.aux)
Package atveryend Info: Executing hook `AtVeryEndDocument' on input line 1414.
Package atveryend Info: Executing hook `AtEndAfterFileList' on input line 1414.

Package rerunfilecheck Info: File `eswt.out' has not changed.
(rerunfilecheck)             Checksum: 5BCCC1B2561FF3B781E15C2135CCD93A;1335.
Package atveryend Info: Empty hook `AtVeryVeryEnd' on input line 1414.
 ) 
Here is how much of TeX's memory you used:
 8678 strings out of 493488
 118602 string characters out of 3141326
 231962 words of memory out of 3000000
 11693 multiletter control sequences out of 15000+200000
 12970 words of font info for 50 fonts, out of 3000000 for 9000
 957 hyphenation exceptions out of 8191
 32i,13n,32p,1231b,436s stack positions out of 5000i,500n,10000p,200000b,50000s
</usr/local/texlive/2012/texmf-dist/fonts/type1/public/amsfonts/cm/cmbx12.pfb
></usr/local/texlive/2012/texmf-dist/fonts/type1/public/amsfonts/cm/cmbx9.pfb><
/usr/local/texlive/2012/texmf-dist/fonts/type1/public/amsfonts/cm/cmcsc10.pfb><
/usr/local/texlive/2012/texmf-dist/fonts/type1/public/amsfonts/cm/cmex10.pfb></
usr/local/texlive/2012/texmf-dist/fonts/type1/public/amsfonts/cm/cmmi10.pfb></u
sr/local/texlive/2012/texmf-dist/fonts/type1/public/amsfonts/cm/cmmi5.pfb></usr
/local/texlive/2012/texmf-dist/fonts/type1/public/amsfonts/cm/cmmi7.pfb></usr/l
ocal/texlive/2012/texmf-dist/fonts/type1/public/amsfonts/cm/cmr10.pfb></usr/loc
al/texlive/2012/texmf-dist/fonts/type1/public/amsfonts/cm/cmr12.pfb></usr/local
/texlive/2012/texmf-dist/fonts/type1/public/amsfonts/cm/cmr17.pfb></usr/local/t
exlive/2012/texmf-dist/fonts/type1/public/amsfonts/cm/cmr5.pfb></usr/local/texl
ive/2012/texmf-dist/fonts/type1/public/amsfonts/cm/cmr7.pfb></usr/local/texlive
/2012/texmf-dist/fonts/type1/public/amsfonts/cm/cmr8.pfb></usr/local/texlive/20
12/texmf-dist/fonts/type1/public/amsfonts/cm/cmr9.pfb></usr/local/texlive/2012/
texmf-dist/fonts/type1/public/amsfonts/cm/cmsy10.pfb></usr/local/texlive/2012/t
exmf-dist/fonts/type1/public/amsfonts/cm/cmsy6.pfb></usr/local/texlive/2012/tex
mf-dist/fonts/type1/public/amsfonts/cm/cmsy7.pfb></usr/local/texlive/2012/texmf
-dist/fonts/type1/public/amsfonts/cm/cmsy8.pfb></usr/local/texlive/2012/texmf-d
ist/fonts/type1/public/amsfonts/cm/cmti10.pfb></usr/local/texlive/2012/texmf-di
st/fonts/type1/public/amsfonts/cm/cmtt10.pfb>
Output written on eswt.pdf (28 pages, 1715530 bytes).
PDF statistics:
 904 PDF objects out of 1000 (max. 8388607)
 747 compressed objects within 8 object streams
 167 named destinations out of 1000 (max. 500000)
 318 words of extra memory for PDF output out of 10000 (max. 10000000)

